0 info it worked if it ends with ok
1 verbose cli [ '/Users/jgesualdo/.nvm/versions/node/v6.2.1/bin/node',
1 verbose cli   '/Users/jgesualdo/.nvm/versions/node/v6.2.1/bin/npm',
1 verbose cli   'publish' ]
2 info using npm@3.9.3
3 info using node@v6.2.1
4 verbose publish [ '.' ]
5 silly cache add args [ '.', null ]
6 verbose cache add spec .
7 silly cache add parsed spec Result {
7 silly cache add   raw: '.',
7 silly cache add   scope: null,
7 silly cache add   name: null,
7 silly cache add   rawSpec: '.',
7 silly cache add   spec: '/Users/jgesualdo/code/node/modules/distify-cli',
7 silly cache add   type: 'directory' }
8 verbose addLocalDirectory /Users/jgesualdo/.npm/distify-cli/0.0.13/package.tgz not in flight; packing
9 verbose correctMkdir /Users/jgesualdo/.npm correctMkdir not in flight; initializing
10 info lifecycle distify-cli@0.0.13~prepublish: distify-cli@0.0.13
11 silly lifecycle distify-cli@0.0.13~prepublish: no script for prepublish, continuing
12 verbose tar pack [ '/Users/jgesualdo/.npm/distify-cli/0.0.13/package.tgz',
12 verbose tar pack   '/Users/jgesualdo/code/node/modules/distify-cli' ]
13 verbose tarball /Users/jgesualdo/.npm/distify-cli/0.0.13/package.tgz
14 verbose folder /Users/jgesualdo/code/node/modules/distify-cli
15 verbose addLocalTarball adding from inside cache /Users/jgesualdo/.npm/distify-cli/0.0.13/package.tgz
16 verbose correctMkdir /Users/jgesualdo/.npm correctMkdir not in flight; initializing
17 silly cache afterAdd distify-cli@0.0.13
18 verbose afterAdd /Users/jgesualdo/.npm/distify-cli/0.0.13/package/package.json not in flight; writing
19 verbose correctMkdir /Users/jgesualdo/.npm correctMkdir not in flight; initializing
20 verbose afterAdd /Users/jgesualdo/.npm/distify-cli/0.0.13/package/package.json written
21 silly publish { name: 'distify-cli',
21 silly publish   version: '0.0.13',
21 silly publish   description: 'Create distribution files for npm packages.',
21 silly publish   main: './cli.js',
21 silly publish   scripts: { test: 'mocha test.js' },
21 silly publish   repository: '',
21 silly publish   keywords: [],
21 silly publish   author: '',
21 silly publish   license: 'MIT',
21 silly publish   devDependencies: { mocha: '*', chai: '*' },
21 silly publish   dependencies: { 'distify-npm-package': '0.0.14', 'parse-argv': '0.0.2' },
21 silly publish   bin: { distify: 'cli.js' },
21 silly publish   readme: '## distify-cli\n> Create distribution files for npm packages.\n\n## Install\n```\n$ npm install -g distify-cli\n```\n\n## Usage\n```\n$ distify --input-file=./src/index.js --output-dir=./build --is-module --is-node\n```\nReact:\n```\n$ distify --input-file=./src/index.js --output-dir=./build --is-react\n```\n\n## Related\n- [distify-npm-package](https://github.com/joegesualdo/distify-npm-package) - API for this module\n\n## License\nMIT © [Joe Gesualdo]()\n',
21 silly publish   readmeFilename: 'readme.md',
21 silly publish   gitHead: '77e005f3908694f31ba0afc7f65f18c89f04290e',
21 silly publish   _id: 'distify-cli@0.0.13',
21 silly publish   _shasum: 'aa5a4c955fbeb1fb6dada402a75209c0d5f0a19e',
21 silly publish   _from: '.' }
22 verbose getPublishConfig undefined
23 silly mapToRegistry name distify-cli
24 silly mapToRegistry using default registry
25 silly mapToRegistry registry https://registry.npmjs.org/
26 silly mapToRegistry data Result {
26 silly mapToRegistry   raw: 'distify-cli',
26 silly mapToRegistry   scope: null,
26 silly mapToRegistry   name: 'distify-cli',
26 silly mapToRegistry   rawSpec: '',
26 silly mapToRegistry   spec: 'latest',
26 silly mapToRegistry   type: 'tag' }
27 silly mapToRegistry uri https://registry.npmjs.org/distify-cli
28 verbose publish registryBase https://registry.npmjs.org/
29 silly publish uploading /Users/jgesualdo/.npm/distify-cli/0.0.13/package.tgz
30 verbose request uri https://registry.npmjs.org/distify-cli
31 verbose request sending authorization for write operation
32 info attempt registry request try #1 at 4:03:26 PM
33 verbose request using bearer token for auth
34 verbose request id b06d9206eaa17a78
35 http request PUT https://registry.npmjs.org/distify-cli
36 http 403 https://registry.npmjs.org/distify-cli
37 verbose headers { 'content-type': 'application/json',
37 verbose headers   'cache-control': 'max-age=300',
37 verbose headers   'content-length': '96',
37 verbose headers   'accept-ranges': 'bytes',
37 verbose headers   date: 'Tue, 13 Sep 2016 20:03:27 GMT',
37 verbose headers   via: '1.1 varnish',
37 verbose headers   connection: 'keep-alive',
37 verbose headers   'x-served-by': 'cache-jfk8137-JFK',
37 verbose headers   'x-cache': 'MISS',
37 verbose headers   'x-cache-hits': '0',
37 verbose headers   'x-timer': 'S1473797006.651443,VS0,VE790',
37 verbose headers   vary: 'Accept-Encoding' }
38 verbose request invalidating /Users/jgesualdo/.npm/registry.npmjs.org/distify-cli on PUT
39 error publish Failed PUT 403
40 verbose stack Error: "You cannot publish over the previously published version 0.0.13." : distify-cli
40 verbose stack     at makeError (/Users/jgesualdo/.nvm/versions/node/v6.2.1/lib/node_modules/npm/node_modules/npm-registry-client/lib/request.js:264:12)
40 verbose stack     at CachingRegistryClient.<anonymous> (/Users/jgesualdo/.nvm/versions/node/v6.2.1/lib/node_modules/npm/node_modules/npm-registry-client/lib/request.js:252:14)
40 verbose stack     at Request._callback (/Users/jgesualdo/.nvm/versions/node/v6.2.1/lib/node_modules/npm/node_modules/npm-registry-client/lib/request.js:172:14)
40 verbose stack     at Request.self.callback (/Users/jgesualdo/.nvm/versions/node/v6.2.1/lib/node_modules/npm/node_modules/request/request.js:200:22)
40 verbose stack     at emitTwo (events.js:106:13)
40 verbose stack     at Request.emit (events.js:191:7)
40 verbose stack     at Request.<anonymous> (/Users/jgesualdo/.nvm/versions/node/v6.2.1/lib/node_modules/npm/node_modules/request/request.js:1067:10)
40 verbose stack     at emitOne (events.js:101:20)
40 verbose stack     at Request.emit (events.js:188:7)
40 verbose stack     at IncomingMessage.<anonymous> (/Users/jgesualdo/.nvm/versions/node/v6.2.1/lib/node_modules/npm/node_modules/request/request.js:988:12)
41 verbose statusCode 403
42 verbose pkgid distify-cli
43 verbose cwd /Users/jgesualdo/code/node/modules/distify-cli
44 error Darwin 15.6.0
45 error argv "/Users/jgesualdo/.nvm/versions/node/v6.2.1/bin/node" "/Users/jgesualdo/.nvm/versions/node/v6.2.1/bin/npm" "publish"
46 error node v6.2.1
47 error npm  v3.9.3
48 error code E403
49 error "You cannot publish over the previously published version 0.0.13." : distify-cli
50 error If you need help, you may report this error at:
50 error     <https://github.com/npm/npm/issues>
51 verbose exit [ 1, true ]
